[debug] [2019-12-08T08:53:01.507Z] ----------------------------------------------------------------------
[debug] [2019-12-08T08:53:01.509Z] Command:       C:\Program Files\nodejs\node.exe C:\Users\Eduard\AppData\Roaming\npm\node_modules\firebase-tools\lib\bin\firebase.js login
[debug] [2019-12-08T08:53:01.510Z] CLI Version:   7.9.0
[debug] [2019-12-08T08:53:01.510Z] Platform:      win32
[debug] [2019-12-08T08:53:01.510Z] Node Version:  v10.16.0
[debug] [2019-12-08T08:53:01.511Z] Time:          Sun Dec 08 2019 10:53:01 GMT+0200 (GMT+02:00)
[debug] [2019-12-08T08:53:01.511Z] ----------------------------------------------------------------------
[debug] [2019-12-08T08:53:01.511Z] 
[info] i  Firebase optionally collects CLI usage and error reporting information to help improve our products. Data is collected in accordance with Google's privacy policy (https://policies.google.com/privacy) and is not used to identify you.

[info] i  To change your data collection preference at any time, run `firebase logout` and log in again.
[info] 
[info] Visit this URL on this device to log in:
[info] https://accounts.google.com/o/oauth2/auth?client_id=563584335869-fgrhgmd47bqnekij5i8b5pr03ho849e6.apps.googleusercontent.com&scope=email%20openid%20https%3A%2F%2Fwww.googleapis.com%2Fauth%2Fcloudplatformprojects.readonly%20https%3A%2F%2Fwww.googleapis.com%2Fauth%2Ffirebase%20https%3A%2F%2Fwww.googleapis.com%2Fauth%2Fcloud-platform&response_type=code&state=30674266&redirect_uri=http%3A%2F%2Flocalhost%3A9005
[info] 
[info] Waiting for authentication...
[debug] [2019-12-08T08:53:19.231Z] Error: spawn cmd ENOENT
    at Process.ChildProcess._handle.onexit (internal/child_process.js:240:19)
    at onErrorNT (internal/child_process.js:415:16)
    at process._tickCallback (internal/process/next_tick.js:63:19)
[error] 
[error] Error: An unexpected error has occurred.
[debug] [2019-12-08T08:53:24.702Z] ----------------------------------------------------------------------
[debug] [2019-12-08T08:53:24.704Z] Command:       C:\Program Files\nodejs\node.exe C:\Users\Eduard\AppData\Roaming\npm\node_modules\firebase-tools\lib\bin\firebase.js login
[debug] [2019-12-08T08:53:24.704Z] CLI Version:   7.9.0
[debug] [2019-12-08T08:53:24.705Z] Platform:      win32
[debug] [2019-12-08T08:53:24.705Z] Node Version:  v10.16.0
[debug] [2019-12-08T08:53:24.706Z] Time:          Sun Dec 08 2019 10:53:24 GMT+0200 (GMT+02:00)
[debug] [2019-12-08T08:53:24.706Z] ----------------------------------------------------------------------
[debug] [2019-12-08T08:53:24.706Z] 
[info] i  Firebase optionally collects CLI usage and error reporting information to help improve our products. Data is collected in accordance with Google's privacy policy (https://policies.google.com/privacy) and is not used to identify you.

[info] 
[info] Visit this URL on this device to log in:
[info] https://accounts.google.com/o/oauth2/auth?client_id=563584335869-fgrhgmd47bqnekij5i8b5pr03ho849e6.apps.googleusercontent.com&scope=email%20openid%20https%3A%2F%2Fwww.googleapis.com%2Fauth%2Fcloudplatformprojects.readonly%20https%3A%2F%2Fwww.googleapis.com%2Fauth%2Ffirebase%20https%3A%2F%2Fwww.googleapis.com%2Fauth%2Fcloud-platform&response_type=code&state=597609922&redirect_uri=http%3A%2F%2Flocalhost%3A9005
[info] 
[info] Waiting for authentication...
[debug] [2019-12-08T08:53:25.615Z] Error: spawn cmd ENOENT
    at Process.ChildProcess._handle.onexit (internal/child_process.js:240:19)
    at onErrorNT (internal/child_process.js:415:16)
    at process._tickCallback (internal/process/next_tick.js:63:19)
[error] 
[error] Error: An unexpected error has occurred.
